[0m[[0m[0mdebug[0m] [0m[0m> Exec(run -s ./test.al, Some(f7a805a9-3154-445e-a6f0-452c13bdf8f5), Some(CommandSource(console0)))[0m
[0m[[0m[0mdebug[0m] [0m[0mEvaluating tasks: Compile / run[0m
[0m[[0m[0mdebug[0m] [0m[0mRunning task... Cancel: Signal, check cycles: false, forcegc: true[0m
[0m[[0m[31merror[0m] [0m[0mjava.util.NoSuchElementException: None.get[0m
[0m[[0m[31merror[0m] [0m[0m	at scala.None$.get(Option.scala:627)[0m
[0m[[0m[31merror[0m] [0m[0m	at scala.None$.get(Option.scala:626)[0m
[0m[[0m[31merror[0m] [0m[0m	at alpine.codegen.CPrinter.visitAscribedExpression(CPrinter.scala:600)[0m
[0m[[0m[31merror[0m] [0m[0m	at alpine.codegen.CPrinter.visitAscribedExpression(CPrinter.scala:596)[0m
[0m[[0m[31merror[0m] [0m[0m	at alpine.ast.AscribedExpression.visit(Trees.scala:711)[0m
[0m[[0m[31merror[0m] [0m[0m	at alpine.codegen.CPrinter.visitBinding(CPrinter.scala:294)[0m
[0m[[0m[31merror[0m] [0m[0m	at alpine.codegen.CPrinter.visitBinding(CPrinter.scala:268)[0m
[0m[[0m[31merror[0m] [0m[0m	at alpine.ast.Binding.visit(Trees.scala:166)[0m
[0m[[0m[31merror[0m] [0m[0m	at alpine.codegen.CPrinter.transpile$$anonfun$1(CPrinter.scala:44)[0m
[0m[[0m[31merror[0m] [0m[0m	at scala.runtime.function.JProcedure1.apply(JProcedure1.java:15)[0m
[0m[[0m[31merror[0m] [0m[0m	at scala.runtime.function.JProcedure1.apply(JProcedure1.java:10)[0m
[0m[[0m[31merror[0m] [0m[0m	at scala.collection.ArrayOps$.foreach$extension(ArrayOps.scala:1321)[0m
[0m[[0m[31merror[0m] [0m[0m	at scala.IArray$package$IArray$.foreach(IArray.scala:123)[0m
[0m[[0m[31merror[0m] [0m[0m	at alpine.codegen.CPrinter.transpile(CPrinter.scala:44)[0m
[0m[[0m[31merror[0m] [0m[0m	at alpine.driver.Driver$package$.transpile(Driver.scala:29)[0m
[0m[[0m[31merror[0m] [0m[0m	at Main$package$.main$$anonfun$4(Main.scala:61)[0m
[0m[[0m[31merror[0m] [0m[0m	at scala.runtime.function.JProcedure1.apply(JProcedure1.java:15)[0m
[0m[[0m[31merror[0m] [0m[0m	at scala.runtime.function.JProcedure1.apply(JProcedure1.java:10)[0m
[0m[[0m[31merror[0m] [0m[0m	at Main$package$.withConfiguration(Main.scala:45)[0m
[0m[[0m[31merror[0m] [0m[0m	at Main$package$.main(Main.scala:61)[0m
[0m[[0m[31merror[0m] [0m[0m	at main.main(Main.scala:51)[0m
[0m[[0m[31merror[0m] [0m[0m	at java.base/jdk.internal.reflect.NativeMethodAccessorImpl.invoke0(Native Method)[0m
[0m[[0m[31merror[0m] [0m[0m	at java.base/jdk.internal.reflect.NativeMethodAccessorImpl.invoke(NativeMethodAccessorImpl.java:77)[0m
[0m[[0m[31merror[0m] [0m[0m	at java.base/jdk.internal.reflect.DelegatingMethodAccessorImpl.invoke(DelegatingMethodAccessorImpl.java:43)[0m
[0m[[0m[31merror[0m] [0m[0m	at java.base/java.lang.reflect.Method.invoke(Method.java:568)[0m
[0m[[0m[31merror[0m] [0m[0m	at sbt.Run.invokeMain(Run.scala:144)[0m
[0m[[0m[31merror[0m] [0m[0m	at sbt.Run.execute$1(Run.scala:94)[0m
[0m[[0m[31merror[0m] [0m[0m	at sbt.Run.$anonfun$runWithLoader$5(Run.scala:121)[0m
[0m[[0m[31merror[0m] [0m[0m	at sbt.Run$.executeSuccess(Run.scala:187)[0m
[0m[[0m[31merror[0m] [0m[0m	at sbt.Run.runWithLoader(Run.scala:121)[0m
[0m[[0m[31merror[0m] [0m[0m	at sbt.Defaults$.$anonfun$bgRunTask$6(Defaults.scala:1988)[0m
[0m[[0m[31merror[0m] [0m[0m	at sbt.Defaults$.$anonfun$termWrapper$2(Defaults.scala:1927)[0m
[0m[[0m[31merror[0m] [0m[0m	at scala.runtime.java8.JFunction0$mcV$sp.apply(JFunction0$mcV$sp.java:23)[0m
[0m[[0m[31merror[0m] [0m[0m	at scala.util.Try$.apply(Try.scala:213)[0m
[0m[[0m[31merror[0m] [0m[0m	at sbt.internal.BackgroundThreadPool$BackgroundRunnable.run(DefaultBackgroundJobService.scala:367)[0m
[0m[[0m[31merror[0m] [0m[0m	at java.base/java.util.concurrent.ThreadPoolExecutor.runWorker(ThreadPoolExecutor.java:1136)[0m
[0m[[0m[31merror[0m] [0m[0m	at java.base/java.util.concurrent.ThreadPoolExecutor$Worker.run(ThreadPoolExecutor.java:635)[0m
[0m[[0m[31merror[0m] [0m[0m	at java.base/java.lang.Thread.run(Thread.java:833)[0m
[0m[[0m[31merror[0m] [0m[0m(Compile / [31mrun[0m) java.util.NoSuchElementException: None.get[0m
[0m[[0m[31merror[0m] [0m[0mTotal time: 0 s, completed 30 mai 2024, 14:26:22[0m
[0m[[0m[0mdebug[0m] [0m[0m> Exec(shell, None, None)[0m
[0m[[0m[0mdebug[0m] [0m[0mForcing garbage collection...[0m
[0m[[0m[0minfo[0m] [0m[0mshutting down sbt server[0m
